Using pre-set license
Built from '2022.3/staging' branch; Version is '2022.3.35f1 (011206c7a712) revision 70150'; Using compiler version '192829333'; Build Type 'Release'
OS: 'Windows 11  (10.0.22631) 64bit Professional' Language: 'zh' Physical Memory: 65277 MB
BatchMode: 1, IsHumanControllingUs: 0, StartBugReporterOnCrash: 0, Is64bit: 1, IsPro: 1

COMMAND LINE ARGUMENTS:
E:\unity2022\2022.3.35f1\Editor\Unity.exe
-adb2
-batchMode
-noUpm
-name
AssetImportWorker11
-projectPath
C:/Users/HENRY/Desktop/Bro
-logFile
Logs/AssetImportWorker11.log
-srvPort
55571
Successfully changed project path to: C:/Users/HENRY/Desktop/Bro
C:/Users/HENRY/Desktop/Bro
[UnityMemory] Configuration Parameters - Can be set up in boot.config
    "memorysetup-bucket-allocator-granularity=16"
    "memorysetup-bucket-allocator-bucket-count=8"
    "memorysetup-bucket-allocator-block-size=33554432"
    "memorysetup-bucket-allocator-block-count=8"
    "memorysetup-main-allocator-block-size=16777216"
    "memorysetup-thread-allocator-block-size=16777216"
    "memorysetup-gfx-main-allocator-block-size=16777216"
    "memorysetup-gfx-thread-allocator-block-size=16777216"
    "memorysetup-cache-allocator-block-size=4194304"
    "memorysetup-typetree-allocator-block-size=2097152"
    "memorysetup-profiler-bucket-allocator-granularity=16"
    "memorysetup-profiler-bucket-allocator-bucket-count=8"
    "memorysetup-profiler-bucket-allocator-block-size=33554432"
    "memorysetup-profiler-bucket-allocator-block-count=8"
    "memorysetup-profiler-allocator-block-size=16777216"
    "memorysetup-profiler-editor-allocator-block-size=1048576"
    "memorysetup-temp-allocator-size-main=16777216"
    "memorysetup-job-temp-allocator-block-size=2097152"
    "memorysetup-job-temp-allocator-block-size-background=1048576"
    "memorysetup-job-temp-allocator-reduction-small-platforms=262144"
    "memorysetup-allocator-temp-initial-block-size-main=262144"
    "memorysetup-allocator-temp-initial-block-size-worker=262144"
    "memorysetup-temp-allocator-size-background-worker=32768"
    "memorysetup-temp-allocator-size-job-worker=262144"
    "memorysetup-temp-allocator-size-preload-manager=33554432"
    "memorysetup-temp-allocator-size-nav-mesh-worker=65536"
    "memorysetup-temp-allocator-size-audio-worker=65536"
    "memorysetup-temp-allocator-size-cloud-worker=32768"
    "memorysetup-temp-allocator-size-gi-baking-worker=262144"
    "memorysetup-temp-allocator-size-gfx=262144"
Player connection [26908] Host "[IP] 10.0.0.213 [Port] 0 [Flags] 2 [Guid] 291489729 [EditorId] 291489729 [Version] 1048832 [Id] WindowsEditor(7,PC-4070Ti) [Debug] 1 [PackageName] WindowsEditor [ProjectName] Editor" joined multi-casting on [225.0.0.222:54997]...

Player connection [26908] Host "[IP] 10.0.0.213 [Port] 0 [Flags] 2 [Guid] 291489729 [EditorId] 291489729 [Version] 1048832 [Id] WindowsEditor(7,PC-4070Ti) [Debug] 1 [PackageName] WindowsEditor [ProjectName] Editor" joined alternative multi-casting on [225.0.0.222:34997]...

[PhysX] Initialized MultithreadedTaskDispatcher with 24 workers.
Refreshing native plugins compatible for Editor in 18.34 ms, found 4 plugins.
Preloading 0 native plugins for Editor in 0.00 ms.
Initialize engine version: 2022.3.35f1 (011206c7a712)
[Subsystems] Discovering subsystems at path E:/unity2022/2022.3.35f1/Editor/Data/Resources/UnitySubsystems
[Subsystems] Discovering subsystems at path C:/Users/HENRY/Desktop/Bro/Assets
GfxDevice: creating device client; threaded=0; jobified=0
Direct3D:
    Version:  Direct3D 11.0 [level 11.1]
    Renderer: NVIDIA GeForce RTX 4070 Ti (ID=0x2782)
    Vendor:   NVIDIA
    VRAM:     11996 MB
    Driver:   32.0.15.6109
Initialize mono
Mono path[0] = 'E:/unity2022/2022.3.35f1/Editor/Data/Managed'
Mono path[1] = 'E:/unity2022/2022.3.35f1/Editor/Data/MonoBleedingEdge/lib/mono/unityjit-win32'
Mono config path = 'E:/unity2022/2022.3.35f1/Editor/Data/MonoBleedingEdge/etc'
Using monoOptions --debugger-agent=transport=dt_socket,embedding=1,server=y,suspend=n,address=127.0.0.1:56732
Begin MonoManager ReloadAssembly
Registering precompiled unity dll's ...
Register platform support module: E:/unity2022/2022.3.35f1/Editor/Data/PlaybackEngines/WindowsStandaloneSupport/UnityEditor.WindowsStandalone.Extensions.dll
Registered in 0.003095 seconds.
- Loaded All Assemblies, in  0.386 seconds
Native extension for WindowsStandalone target not found
Mono: successfully reloaded assembly
- Finished resetting the current domain, in  0.190 seconds
Domain Reload Profiling: 573ms
	BeginReloadAssembly (156ms)
		ExecutionOrderSort (0ms)
		DisableScriptedObjects (0ms)
		BackupInstance (0ms)
		ReleaseScriptingObjects (0ms)
		CreateAndSetChildDomain (1ms)
	RebuildCommonClasses (31ms)
	RebuildNativeTypeToScriptingClass (8ms)
	initialDomainReloadingComplete (43ms)
	LoadAllAssembliesAndSetupDomain (145ms)
		LoadAssemblies (154ms)
		RebuildTransferFunctionScriptingTraits (0ms)
		AnalyzeDomain (142ms)
			TypeCache.Refresh (142ms)
				TypeCache.ScanAssembly (129ms)
			ScanForSourceGeneratedMonoScriptInfo (0ms)
			ResolveRequiredComponents (0ms)
	FinalizeReload (190ms)
		ReleaseScriptCaches (0ms)
		RebuildScriptCaches (0ms)
		SetupLoadedEditorAssemblies (155ms)
			LogAssemblyErrors (0ms)
			InitializePlatformSupportModulesInManaged (6ms)
			SetLoadedEditorAssemblies (6ms)
			RefreshPlugins (0ms)
			BeforeProcessingInitializeOnLoad (1ms)
			ProcessInitializeOnLoadAttributes (106ms)
			ProcessInitializeOnLoadMethodAttributes (36ms)
			AfterProcessingInitializeOnLoad (0ms)
			EditorAssembliesLoaded (0ms)
		ExecutionOrderSort2 (0ms)
		AwakeInstancesAfterBackupRestoration (0ms)
========================================================================
Worker process is ready to serve import requests
Begin MonoManager ReloadAssembly
- Loaded All Assemblies, in  0.667 seconds
Refreshing native plugins compatible for Editor in 4.25 ms, found 4 plugins.
Native extension for WindowsStandalone target not found
Package Manager log level set to [2]
[Package Manager] Server::EnsureServerProcessIsRunning -- launch failed, reason: Unity was launched with the -noUpm command-line argument
[Package Manager] UpmClient::Send -- Unable to send message (not connected to UPM process).
[Package Manager] Cannot connect to Unity Package Manager local server
Mono: successfully reloaded assembly
- Finished resetting the current domain, in  0.610 seconds
Domain Reload Profiling: 1272ms
	BeginReloadAssembly (121ms)
		ExecutionOrderSort (0ms)
		DisableScriptedObjects (3ms)
		BackupInstance (0ms)
		ReleaseScriptingObjects (0ms)
		CreateAndSetChildDomain (11ms)
	RebuildCommonClasses (19ms)
	RebuildNativeTypeToScriptingClass (6ms)
	initialDomainReloadingComplete (31ms)
	LoadAllAssembliesAndSetupDomain (484ms)
		LoadAssemblies (417ms)
		RebuildTransferFunctionScriptingTraits (0ms)
		AnalyzeDomain (151ms)
			TypeCache.Refresh (135ms)
				TypeCache.ScanAssembly (124ms)
			ScanForSourceGeneratedMonoScriptInfo (12ms)
			ResolveRequiredComponents (4ms)
	FinalizeReload (611ms)
		ReleaseScriptCaches (0ms)
		RebuildScriptCaches (0ms)
		SetupLoadedEditorAssemblies (511ms)
			LogAssemblyErrors (0ms)
			InitializePlatformSupportModulesInManaged (4ms)
			SetLoadedEditorAssemblies (3ms)
			RefreshPlugins (0ms)
			BeforeProcessingInitializeOnLoad (68ms)
			ProcessInitializeOnLoadAttributes (403ms)
			ProcessInitializeOnLoadMethodAttributes (28ms)
			AfterProcessingInitializeOnLoad (6ms)
			EditorAssembliesLoaded (0ms)
		ExecutionOrderSort2 (0ms)
		AwakeInstancesAfterBackupRestoration (4ms)
Launched and connected shader compiler UnityShaderCompiler.exe after 0.06 seconds
Refreshing native plugins compatible for Editor in 5.16 ms, found 4 plugins.
Preloading 0 native plugins for Editor in 0.00 ms.
Unloading 4268 Unused Serialized files (Serialized files now loaded: 0)
Unloading 78 unused Assets / (136.4 KB). Loaded Objects now: 4729.
Memory consumption went from 155.7 MB to 155.5 MB.
Total: 2.246300 ms (FindLiveObjects: 0.160000 ms CreateObjectMapping: 0.056100 ms MarkObjects: 1.933600 ms  DeleteObjects: 0.096000 ms)

AssetImportParameters requested are different than current active one (requested -> active):
  custom:container-demuxer-ogg: 62fdf1f143b41e24485cea50d1cbac27 -> 
  custom:scripting/monoscript/fileName/IEnemyMoveable.cs: fa6e5acba90d5b748d99cf7ee9988644 -> 
  custom:scripting/monoscript/fileName/GameManager.cs: 9933fbcc6190e2a9171c2ec8808a053e -> 
  custom:video-codec-MediaFoundation-h265: 746d11721c4dcdbdad8f713fa42b33f4 -> 
  custom:video-decoder-ogg-theora: a1e56fd34408186e4bbccfd4996cb3dc -> 
  custom:framework-win-MediaFoundation: 216162199b28c13a410421893ffa2e32 -> 
  custom:CustomObjectIndexerAttribute: 9a22284fe3817be447336de3de66b15e -> 
  custom:container-demuxer-webm: 4f35f7cbe854078d1ac9338744f61a02 -> 
  custom:scripting/monoscript/fileName/EnemyChaseDirectToPlayer.cs: f156601490c2d01488deb311e62fb7f7 -> 
  custom:container-muxer-webm: aa71ff27fc2769a1b78a27578f13a17b -> 
  custom:video-decoder-webm-vp8: 9c59270c3fd7afecdb556c50c9e8de78 -> 
  custom:SearchIndexIgnoredProperties: e643bd26f0fe6173181afceb89e7c659 -> 
  custom:AudioImporter_EditorPlatform: d09bf68614088b80899f8185d706f6e7 -> 
  custom:scripting/monoscript/fileName/EnemyPursueState.cs: 3a3301ab6cfc8bb729f562561f856f84 -> 
  custom:video-encoder-webm-vp8: eb34c28f22e8b96e1ab97ce403110664 -> 
  custom:scripting/monoscript/fileName/IDamageable.cs: e64f76ace9702e1e0c6016368cb48d14 -> 
  custom:audio-decoder-ogg-vorbis: bf7c407c2cedff20999df2af8eb42d56 -> 
  custom:scripting/monoscript/fileName/TestEnemy.cs: 2663a9cdc692622415c584dd17e700e7 -> 
  custom:audio-encoder-webm-vorbis: bf7c407c2cedff20999df2af8eb42d56 -> 
  custom:scripting/monoscript/fileName/EnemyAttackSingleStraightProjectile.cs: a60b18d0a2a615a41b1c5f822d703c8b -> 
  custom:scripting/monoscript/fileName/CameraTarget.cs: aa4a3792ca3aa7a899c43b4201a6a337 -> 
========================================================================
Received Import Request.
  Time since last request: 55324.336492 seconds.
  path: Assets/Art/2.png
  artifactKey: Guid(cb6a5c945752f174c949cd8541a7bf51) Importer(815301076,1909f56bfc062723c751e8b465ee728b)
Start importing Assets/Art/2.png using Guid(cb6a5c945752f174c949cd8541a7bf51) Importer(815301076,1909f56bfc062723c751e8b465ee728b) [PhysX] Initialized MultithreadedTaskDispatcher with 24 workers.
[PhysX] Initialized MultithreadedTaskDispatcher with 24 workers.
 -> (artifact id: 'cf13b055c413a2a32e22b294c3c86c32') in 0.053392 seconds
Number of updated asset objects reloaded before import = 0
Number of asset objects unloaded after import = 3
========================================================================
Received Import Request.
  Time since last request: 32.460885 seconds.
  path: Assets/Art/2.png
  artifactKey: Guid(cb6a5c945752f174c949cd8541a7bf51) Importer(815301076,1909f56bfc062723c751e8b465ee728b)
Start importing Assets/Art/2.png using Guid(cb6a5c945752f174c949cd8541a7bf51) Importer(815301076,1909f56bfc062723c751e8b465ee728b) [PhysX] Initialized MultithreadedTaskDispatcher with 24 workers.
[PhysX] Initialized MultithreadedTaskDispatcher with 24 workers.
 -> (artifact id: 'ba26849ce1a7805916f8152698e93ffd') in 0.005604 seconds
Number of updated asset objects reloaded before import = 0
Number of asset objects unloaded after import = 2
========================================================================
Received Import Request.
  Time since last request: 69.205836 seconds.
  path: Assets/Art/2.png
  artifactKey: Guid(cb6a5c945752f174c949cd8541a7bf51) Importer(815301076,1909f56bfc062723c751e8b465ee728b)
Start importing Assets/Art/2.png using Guid(cb6a5c945752f174c949cd8541a7bf51) Importer(815301076,1909f56bfc062723c751e8b465ee728b) [PhysX] Initialized MultithreadedTaskDispatcher with 24 workers.
[PhysX] Initialized MultithreadedTaskDispatcher with 24 workers.
 -> (artifact id: 'd40aac30a6d4b177a7291c48eaa339a5') in 0.191103 seconds
Number of updated asset objects reloaded before import = 0
Number of asset objects unloaded after import = 192
========================================================================
Received Import Request.
  Time since last request: 81.932014 seconds.
  path: Assets/Art/BossRoomTiles/New Palette.prefab
  artifactKey: Guid(f8f0d7b545659be409cfaba5b0150f53) Importer(815301076,1909f56bfc062723c751e8b465ee728b)
Start importing Assets/Art/BossRoomTiles/New Palette.prefab using Guid(f8f0d7b545659be409cfaba5b0150f53) Importer(815301076,1909f56bfc062723c751e8b465ee728b) [PhysX] Initialized MultithreadedTaskDispatcher with 24 workers.
[PhysX] Initialized MultithreadedTaskDispatcher with 24 workers.
 -> (artifact id: 'b7df29bc7e711a2cbf8eabef720fe736') in 0.019032 seconds
Number of updated asset objects reloaded before import = 0
Number of asset objects unloaded after import = 10
========================================================================
Received Import Request.
  Time since last request: 12.664802 seconds.
  path: Assets/Art/2_0.asset
  artifactKey: Guid(9a7e6760399e48a45a4b7de9698381fb) Importer(815301076,1909f56bfc062723c751e8b465ee728b)
Start importing Assets/Art/2_0.asset using Guid(9a7e6760399e48a45a4b7de9698381fb) Importer(815301076,1909f56bfc062723c751e8b465ee728b) [PhysX] Initialized MultithreadedTaskDispatcher with 24 workers.
 -> (artifact id: 'ec07d543edd54f6f0eba37a6b4751f1b') in 0.010091 seconds
Number of updated asset objects reloaded before import = 0
Number of asset objects unloaded after import = 3
========================================================================
Received Import Request.
  Time since last request: 0.014240 seconds.
  path: Assets/Art/2_3.asset
  artifactKey: Guid(1ed94de8313aa16468dccf475f57ef7c) Importer(815301076,1909f56bfc062723c751e8b465ee728b)
Start importing Assets/Art/2_3.asset using Guid(1ed94de8313aa16468dccf475f57ef7c) Importer(815301076,1909f56bfc062723c751e8b465ee728b) [PhysX] Initialized MultithreadedTaskDispatcher with 24 workers.
 -> (artifact id: '6f6a91c9638ede1dd87e3325035df9db') in 0.005644 seconds
Number of updated asset objects reloaded before import = 0
Number of asset objects unloaded after import = 3
========================================================================
Received Import Request.
  Time since last request: 0.018973 seconds.
  path: Assets/Art/2_4.asset
  artifactKey: Guid(a9b9fa6ed2add1b44ae2adc710a85c84) Importer(815301076,1909f56bfc062723c751e8b465ee728b)
Start importing Assets/Art/2_4.asset using Guid(a9b9fa6ed2add1b44ae2adc710a85c84) Importer(815301076,1909f56bfc062723c751e8b465ee728b) [PhysX] Initialized MultithreadedTaskDispatcher with 24 workers.
 -> (artifact id: 'a486aed943fb15eeced99a8ff01fc0c6') in 0.006477 seconds
Number of updated asset objects reloaded before import = 0
Number of asset objects unloaded after import = 3
========================================================================
Received Import Request.
  Time since last request: 0.023504 seconds.
  path: Assets/Art/2_9.asset
  artifactKey: Guid(c5998ecd6c055b549a196934492f0949) Importer(815301076,1909f56bfc062723c751e8b465ee728b)
Start importing Assets/Art/2_9.asset using Guid(c5998ecd6c055b549a196934492f0949) Importer(815301076,1909f56bfc062723c751e8b465ee728b) [PhysX] Initialized MultithreadedTaskDispatcher with 24 workers.
 -> (artifact id: '8d052877d2579913668672123ef1dd9a') in 0.004598 seconds
Number of updated asset objects reloaded before import = 0
Number of asset objects unloaded after import = 3
========================================================================
Received Import Request.
  Time since last request: 0.020380 seconds.
  path: Assets/Art/2_14.asset
  artifactKey: Guid(d7ad69775f1d76d419a283786672a945) Importer(815301076,1909f56bfc062723c751e8b465ee728b)
Start importing Assets/Art/2_14.asset using Guid(d7ad69775f1d76d419a283786672a945) Importer(815301076,1909f56bfc062723c751e8b465ee728b) [PhysX] Initialized MultithreadedTaskDispatcher with 24 workers.
 -> (artifact id: 'd7916a8dc698a6add69e889860bef048') in 0.006103 seconds
Number of updated asset objects reloaded before import = 0
Number of asset objects unloaded after import = 3
========================================================================
Received Import Request.
  Time since last request: 0.000012 seconds.
  path: Assets/Art/2_23.asset
  artifactKey: Guid(8a6b6b90286d3aa449a4725266d25f6b) Importer(815301076,1909f56bfc062723c751e8b465ee728b)
Start importing Assets/Art/2_23.asset using Guid(8a6b6b90286d3aa449a4725266d25f6b) Importer(815301076,1909f56bfc062723c751e8b465ee728b) [PhysX] Initialized MultithreadedTaskDispatcher with 24 workers.
 -> (artifact id: '9dcffb61b73490833e177f037ac55854') in 0.004961 seconds
Number of updated asset objects reloaded before import = 0
Number of asset objects unloaded after import = 3
========================================================================
Received Import Request.
  Time since last request: 0.000010 seconds.
  path: Assets/Art/2_36.asset
  artifactKey: Guid(a3c45e05ef940c74bbfd7a52beb893a0) Importer(815301076,1909f56bfc062723c751e8b465ee728b)
Start importing Assets/Art/2_36.asset using Guid(a3c45e05ef940c74bbfd7a52beb893a0) Importer(815301076,1909f56bfc062723c751e8b465ee728b) [PhysX] Initialized MultithreadedTaskDispatcher with 24 workers.
 -> (artifact id: 'ec7036eb1f0d60784024630d0e07a632') in 0.004333 seconds
Number of updated asset objects reloaded before import = 0
Number of asset objects unloaded after import = 3
========================================================================
Received Import Request.
  Time since last request: 0.000013 seconds.
  path: Assets/Art/2_48.asset
  artifactKey: Guid(5808317fa48fe264093d5fa45c721557) Importer(815301076,1909f56bfc062723c751e8b465ee728b)
Start importing Assets/Art/2_48.asset using Guid(5808317fa48fe264093d5fa45c721557) Importer(815301076,1909f56bfc062723c751e8b465ee728b) [PhysX] Initialized MultithreadedTaskDispatcher with 24 workers.
 -> (artifact id: '0df6c4747710613dc5cef4dbdd9449de') in 0.003761 seconds
Number of updated asset objects reloaded before import = 0
Number of asset objects unloaded after import = 3
========================================================================
Received Import Request.
  Time since last request: 0.000022 seconds.
  path: Assets/Art/2_18.asset
  artifactKey: Guid(19551d3468e48fb47b2644bfa312716d) Importer(815301076,1909f56bfc062723c751e8b465ee728b)
Start importing Assets/Art/2_18.asset using Guid(19551d3468e48fb47b2644bfa312716d) Importer(815301076,1909f56bfc062723c751e8b465ee728b) [PhysX] Initialized MultithreadedTaskDispatcher with 24 workers.
 -> (artifact id: 'f409f896754546644bed82b4aa20b42b') in 0.004140 seconds
Number of updated asset objects reloaded before import = 0
Number of asset objects unloaded after import = 3
========================================================================
Received Import Request.
  Time since last request: 0.000009 seconds.
  path: Assets/Art/2_28.asset
  artifactKey: Guid(c8f98bc2a736eae4cbe5d7214254a698) Importer(815301076,1909f56bfc062723c751e8b465ee728b)
Start importing Assets/Art/2_28.asset using Guid(c8f98bc2a736eae4cbe5d7214254a698) Importer(815301076,1909f56bfc062723c751e8b465ee728b) [PhysX] Initialized MultithreadedTaskDispatcher with 24 workers.
 -> (artifact id: '033cc9693ee98da9594480437144aa91') in 0.003977 seconds
Number of updated asset objects reloaded before import = 0
Number of asset objects unloaded after import = 3
========================================================================
Received Import Request.
  Time since last request: 0.000011 seconds.
  path: Assets/Art/2_22.asset
  artifactKey: Guid(5fd33ebd4677a1a4d93a65b7f9074563) Importer(815301076,1909f56bfc062723c751e8b465ee728b)
Start importing Assets/Art/2_22.asset using Guid(5fd33ebd4677a1a4d93a65b7f9074563) Importer(815301076,1909f56bfc062723c751e8b465ee728b) [PhysX] Initialized MultithreadedTaskDispatcher with 24 workers.
 -> (artifact id: 'fc926d28b8d31ff993e2cfcb4494054d') in 0.004675 seconds
Number of updated asset objects reloaded before import = 0
Number of asset objects unloaded after import = 3
========================================================================
Received Import Request.
  Time since last request: 0.000008 seconds.
  path: Assets/Art/2_24.asset
  artifactKey: Guid(dacb63e14a32f6d4c882d8c382e06ee3) Importer(815301076,1909f56bfc062723c751e8b465ee728b)
Start importing Assets/Art/2_24.asset using Guid(dacb63e14a32f6d4c882d8c382e06ee3) Importer(815301076,1909f56bfc062723c751e8b465ee728b) [PhysX] Initialized MultithreadedTaskDispatcher with 24 workers.
 -> (artifact id: '755f32657fa26133bc205b927a701c5f') in 0.004152 seconds
Number of updated asset objects reloaded before import = 0
Number of asset objects unloaded after import = 3
========================================================================
Received Import Request.
  Time since last request: 0.000009 seconds.
  path: Assets/Art/2_11.asset
  artifactKey: Guid(073f7e246ae296647b3d58b0cb2620d4) Importer(815301076,1909f56bfc062723c751e8b465ee728b)
Start importing Assets/Art/2_11.asset using Guid(073f7e246ae296647b3d58b0cb2620d4) Importer(815301076,1909f56bfc062723c751e8b465ee728b) [PhysX] Initialized MultithreadedTaskDispatcher with 24 workers.
 -> (artifact id: '6f63216f9c94047b1118bedda58df4da') in 0.003794 seconds
Number of updated asset objects reloaded before import = 0
Number of asset objects unloaded after import = 3
========================================================================
Received Import Request.
  Time since last request: 0.000010 seconds.
  path: Assets/Art/2_29.asset
  artifactKey: Guid(e3039d5f02b5293459f4f1508f9f4791) Importer(815301076,1909f56bfc062723c751e8b465ee728b)
Start importing Assets/Art/2_29.asset using Guid(e3039d5f02b5293459f4f1508f9f4791) Importer(815301076,1909f56bfc062723c751e8b465ee728b) [PhysX] Initialized MultithreadedTaskDispatcher with 24 workers.
 -> (artifact id: '1849e1e5d65123df8299e236d912444a') in 0.003668 seconds
Number of updated asset objects reloaded before import = 0
Number of asset objects unloaded after import = 3
========================================================================
Received Import Request.
  Time since last request: 0.000009 seconds.
  path: Assets/Art/2_44.asset
  artifactKey: Guid(4df0d27f7d548d4408811b0d4a37e00e) Importer(815301076,1909f56bfc062723c751e8b465ee728b)
Start importing Assets/Art/2_44.asset using Guid(4df0d27f7d548d4408811b0d4a37e00e) Importer(815301076,1909f56bfc062723c751e8b465ee728b) [PhysX] Initialized MultithreadedTaskDispatcher with 24 workers.
 -> (artifact id: 'a605054453d424c185a96f9f29003887') in 0.003771 seconds
Number of updated asset objects reloaded before import = 0
Number of asset objects unloaded after import = 3
========================================================================
Received Import Request.
  Time since last request: 0.000009 seconds.
  path: Assets/Art/2_15.asset
  artifactKey: Guid(c4c7b59530b3bc84fa5a2f609126083a) Importer(815301076,1909f56bfc062723c751e8b465ee728b)
Start importing Assets/Art/2_15.asset using Guid(c4c7b59530b3bc84fa5a2f609126083a) Importer(815301076,1909f56bfc062723c751e8b465ee728b) [PhysX] Initialized MultithreadedTaskDispatcher with 24 workers.
 -> (artifact id: '2b5daadef1546f6824c2e68173695bbf') in 0.004170 seconds
Number of updated asset objects reloaded before import = 0
Number of asset objects unloaded after import = 3
========================================================================
Received Import Request.
  Time since last request: 0.000009 seconds.
  path: Assets/Art/2_54.asset
  artifactKey: Guid(69828a4e929ada542a95db7638e4e1d4) Importer(815301076,1909f56bfc062723c751e8b465ee728b)
Start importing Assets/Art/2_54.asset using Guid(69828a4e929ada542a95db7638e4e1d4) Importer(815301076,1909f56bfc062723c751e8b465ee728b) [PhysX] Initialized MultithreadedTaskDispatcher with 24 workers.
 -> (artifact id: '44bca963afa5c615d227f4a679eede33') in 0.003988 seconds
Number of updated asset objects reloaded before import = 0
Number of asset objects unloaded after import = 3
========================================================================
Received Import Request.
  Time since last request: 0.000012 seconds.
  path: Assets/Art/2_34.asset
  artifactKey: Guid(6c3ada5c3bdec144b9f90c99567718a8) Importer(815301076,1909f56bfc062723c751e8b465ee728b)
Start importing Assets/Art/2_34.asset using Guid(6c3ada5c3bdec144b9f90c99567718a8) Importer(815301076,1909f56bfc062723c751e8b465ee728b) [PhysX] Initialized MultithreadedTaskDispatcher with 24 workers.
 -> (artifact id: 'e8a2eb537fb9062baddfc8402dbd7936') in 0.004105 seconds
Number of updated asset objects reloaded before import = 0
Number of asset objects unloaded after import = 3
========================================================================
Received Import Request.
  Time since last request: 0.000009 seconds.
  path: Assets/Art/2_35.asset
  artifactKey: Guid(1465ecea3d5ea5148b9879475e3341d0) Importer(815301076,1909f56bfc062723c751e8b465ee728b)
Start importing Assets/Art/2_35.asset using Guid(1465ecea3d5ea5148b9879475e3341d0) Importer(815301076,1909f56bfc062723c751e8b465ee728b) [PhysX] Initialized MultithreadedTaskDispatcher with 24 workers.
 -> (artifact id: '50e3a984b6aee6d9b203a39b7e236cb3') in 0.003896 seconds
Number of updated asset objects reloaded before import = 0
Number of asset objects unloaded after import = 3
========================================================================
Received Import Request.
  Time since last request: 0.000009 seconds.
  path: Assets/Art/2_26.asset
  artifactKey: Guid(3cfc77bc715c12443b304200081f49f2) Importer(815301076,1909f56bfc062723c751e8b465ee728b)
Start importing Assets/Art/2_26.asset using Guid(3cfc77bc715c12443b304200081f49f2) Importer(815301076,1909f56bfc062723c751e8b465ee728b) [PhysX] Initialized MultithreadedTaskDispatcher with 24 workers.
 -> (artifact id: 'f0f0f86240d71dce11162eee206ac4a1') in 0.004040 seconds
Number of updated asset objects reloaded before import = 0
Number of asset objects unloaded after import = 3
========================================================================
Received Import Request.
  Time since last request: 0.000012 seconds.
  path: Assets/Art/2_47.asset
  artifactKey: Guid(2d2782106e8a2c44f858eb6929c28fa0) Importer(815301076,1909f56bfc062723c751e8b465ee728b)
Start importing Assets/Art/2_47.asset using Guid(2d2782106e8a2c44f858eb6929c28fa0) Importer(815301076,1909f56bfc062723c751e8b465ee728b) [PhysX] Initialized MultithreadedTaskDispatcher with 24 workers.
 -> (artifact id: '044945d0eef1ddc6047f3a7d252109f8') in 0.004137 seconds
Number of updated asset objects reloaded before import = 0
Number of asset objects unloaded after import = 3
========================================================================
Received Import Request.
  Time since last request: 0.000011 seconds.
  path: Assets/Art/2_39.asset
  artifactKey: Guid(b4f1a8a752224d04d9928770081f0ac3) Importer(815301076,1909f56bfc062723c751e8b465ee728b)
Start importing Assets/Art/2_39.asset using Guid(b4f1a8a752224d04d9928770081f0ac3) Importer(815301076,1909f56bfc062723c751e8b465ee728b) [PhysX] Initialized MultithreadedTaskDispatcher with 24 workers.
 -> (artifact id: '9ed2e63562cc0bb0b48d126b716a2d3b') in 0.003903 seconds
Number of updated asset objects reloaded before import = 0
Number of asset objects unloaded after import = 3
========================================================================
Received Import Request.
  Time since last request: 0.000009 seconds.
  path: Assets/Art/2_17.asset
  artifactKey: Guid(59b9721dda1ff334aa63d00f7abcae82) Importer(815301076,1909f56bfc062723c751e8b465ee728b)
Start importing Assets/Art/2_17.asset using Guid(59b9721dda1ff334aa63d00f7abcae82) Importer(815301076,1909f56bfc062723c751e8b465ee728b) [PhysX] Initialized MultithreadedTaskDispatcher with 24 workers.
 -> (artifact id: '8e949237a54632bab80555bbfdbf34dd') in 0.003695 seconds
Number of updated asset objects reloaded before import = 0
Number of asset objects unloaded after import = 3
========================================================================
Received Import Request.
  Time since last request: 0.000009 seconds.
  path: Assets/Art/2_2.asset
  artifactKey: Guid(ffe73f81a0690684abecb5fed60da078) Importer(815301076,1909f56bfc062723c751e8b465ee728b)
Start importing Assets/Art/2_2.asset using Guid(ffe73f81a0690684abecb5fed60da078) Importer(815301076,1909f56bfc062723c751e8b465ee728b) [PhysX] Initialized MultithreadedTaskDispatcher with 24 workers.
 -> (artifact id: '10b3b2082ae1f975405eee3fc11bdd14') in 0.004272 seconds
Number of updated asset objects reloaded before import = 0
Number of asset objects unloaded after import = 3
========================================================================
Received Import Request.
  Time since last request: 0.000010 seconds.
  path: Assets/Art/2_30.asset
  artifactKey: Guid(aa4a23a9725a1db46a7c0051c9828871) Importer(815301076,1909f56bfc062723c751e8b465ee728b)
Start importing Assets/Art/2_30.asset using Guid(aa4a23a9725a1db46a7c0051c9828871) Importer(815301076,1909f56bfc062723c751e8b465ee728b) [PhysX] Initialized MultithreadedTaskDispatcher with 24 workers.
 -> (artifact id: 'de6687d951917f8282a6d2e1a52872b0') in 0.004340 seconds
Number of updated asset objects reloaded before import = 0
Number of asset objects unloaded after import = 3
========================================================================
Received Import Request.
  Time since last request: 0.000012 seconds.
  path: Assets/Art/2_25.asset
  artifactKey: Guid(d5aa8d4cd864fa24e9be87a2206a40e6) Importer(815301076,1909f56bfc062723c751e8b465ee728b)
Start importing Assets/Art/2_25.asset using Guid(d5aa8d4cd864fa24e9be87a2206a40e6) Importer(815301076,1909f56bfc062723c751e8b465ee728b) [PhysX] Initialized MultithreadedTaskDispatcher with 24 workers.
 -> (artifact id: 'abb52cc65f72b4b17908d766859b1c73') in 0.004077 seconds
Number of updated asset objects reloaded before import = 0
Number of asset objects unloaded after import = 3
========================================================================
Received Import Request.
  Time since last request: 0.000010 seconds.
  path: Assets/Art/2_21.asset
  artifactKey: Guid(0021e04089bd0e4448390af0e052bdd1) Importer(815301076,1909f56bfc062723c751e8b465ee728b)
Start importing Assets/Art/2_21.asset using Guid(0021e04089bd0e4448390af0e052bdd1) Importer(815301076,1909f56bfc062723c751e8b465ee728b) [PhysX] Initialized MultithreadedTaskDispatcher with 24 workers.
 -> (artifact id: '156649c080f0e26556ffa498737c4b56') in 0.004944 seconds
Number of updated asset objects reloaded before import = 0
Number of asset objects unloaded after import = 3
========================================================================
Received Import Request.
  Time since last request: 0.000011 seconds.
  path: Assets/Art/2_12.asset
  artifactKey: Guid(a8f29c49777bf594eb279450af8fb7c0) Importer(815301076,1909f56bfc062723c751e8b465ee728b)
Start importing Assets/Art/2_12.asset using Guid(a8f29c49777bf594eb279450af8fb7c0) Importer(815301076,1909f56bfc062723c751e8b465ee728b) [PhysX] Initialized MultithreadedTaskDispatcher with 24 workers.
 -> (artifact id: '7b632540422d41204cdd217a1cb37299') in 0.003690 seconds
Number of updated asset objects reloaded before import = 0
Number of asset objects unloaded after import = 3
========================================================================
Received Import Request.
  Time since last request: 0.000016 seconds.
  path: Assets/Art/2_5.asset
  artifactKey: Guid(6e5f9515731c8814080b3b37a45505ec) Importer(815301076,1909f56bfc062723c751e8b465ee728b)
Start importing Assets/Art/2_5.asset using Guid(6e5f9515731c8814080b3b37a45505ec) Importer(815301076,1909f56bfc062723c751e8b465ee728b) [PhysX] Initialized MultithreadedTaskDispatcher with 24 workers.
 -> (artifact id: 'dd2848c6d97e02c4762f8f21c01d061a') in 0.004875 seconds
Number of updated asset objects reloaded before import = 0
Number of asset objects unloaded after import = 3
Editor requested this worker to shutdown with reason: Scaling down because of idle timeout
TcpMessagingSession - receive error: operation aborted. errorcode: 995, details: 由于线程退出或应用程序请求，已中止 I/O 操作。
AssetImportWorker is now disconnected from the server
Process exiting
Exiting without the bug reporter. Application will terminate with return code 0