Using pre-set license
Built from '2022.3/staging' branch; Version is '2022.3.35f1 (011206c7a712) revision 70150'; Using compiler version '192829333'; Build Type 'Release'
OS: 'Windows 11  (10.0.22631) 64bit Professional' Language: 'zh' Physical Memory: 65277 MB
BatchMode: 1, IsHumanControllingUs: 0, StartBugReporterOnCrash: 0, Is64bit: 1, IsPro: 1

COMMAND LINE ARGUMENTS:
E:\unity2022\2022.3.35f1\Editor\Unity.exe
-adb2
-batchMode
-noUpm
-name
AssetImportWorker10
-projectPath
C:/Users/HENRY/Desktop/Bro
-logFile
Logs/AssetImportWorker10.log
-srvPort
55571
Successfully changed project path to: C:/Users/HENRY/Desktop/Bro
C:/Users/HENRY/Desktop/Bro
[UnityMemory] Configuration Parameters - Can be set up in boot.config
    "memorysetup-bucket-allocator-granularity=16"
    "memorysetup-bucket-allocator-bucket-count=8"
    "memorysetup-bucket-allocator-block-size=33554432"
    "memorysetup-bucket-allocator-block-count=8"
    "memorysetup-main-allocator-block-size=16777216"
    "memorysetup-thread-allocator-block-size=16777216"
    "memorysetup-gfx-main-allocator-block-size=16777216"
    "memorysetup-gfx-thread-allocator-block-size=16777216"
    "memorysetup-cache-allocator-block-size=4194304"
    "memorysetup-typetree-allocator-block-size=2097152"
    "memorysetup-profiler-bucket-allocator-granularity=16"
    "memorysetup-profiler-bucket-allocator-bucket-count=8"
    "memorysetup-profiler-bucket-allocator-block-size=33554432"
    "memorysetup-profiler-bucket-allocator-block-count=8"
    "memorysetup-profiler-allocator-block-size=16777216"
    "memorysetup-profiler-editor-allocator-block-size=1048576"
    "memorysetup-temp-allocator-size-main=16777216"
    "memorysetup-job-temp-allocator-block-size=2097152"
    "memorysetup-job-temp-allocator-block-size-background=1048576"
    "memorysetup-job-temp-allocator-reduction-small-platforms=262144"
    "memorysetup-allocator-temp-initial-block-size-main=262144"
    "memorysetup-allocator-temp-initial-block-size-worker=262144"
    "memorysetup-temp-allocator-size-background-worker=32768"
    "memorysetup-temp-allocator-size-job-worker=262144"
    "memorysetup-temp-allocator-size-preload-manager=33554432"
    "memorysetup-temp-allocator-size-nav-mesh-worker=65536"
    "memorysetup-temp-allocator-size-audio-worker=65536"
    "memorysetup-temp-allocator-size-cloud-worker=32768"
    "memorysetup-temp-allocator-size-gi-baking-worker=262144"
    "memorysetup-temp-allocator-size-gfx=262144"
Player connection [41244] Host "[IP] 10.0.0.213 [Port] 0 [Flags] 2 [Guid] 4247341554 [EditorId] 4247341554 [Version] 1048832 [Id] WindowsEditor(7,PC-4070Ti) [Debug] 1 [PackageName] WindowsEditor [ProjectName] Editor" joined multi-casting on [225.0.0.222:54997]...

Player connection [41244] Host "[IP] 10.0.0.213 [Port] 0 [Flags] 2 [Guid] 4247341554 [EditorId] 4247341554 [Version] 1048832 [Id] WindowsEditor(7,PC-4070Ti) [Debug] 1 [PackageName] WindowsEditor [ProjectName] Editor" joined alternative multi-casting on [225.0.0.222:34997]...

[PhysX] Initialized MultithreadedTaskDispatcher with 24 workers.
Refreshing native plugins compatible for Editor in 20.48 ms, found 4 plugins.
Preloading 0 native plugins for Editor in 0.00 ms.
Initialize engine version: 2022.3.35f1 (011206c7a712)
[Subsystems] Discovering subsystems at path E:/unity2022/2022.3.35f1/Editor/Data/Resources/UnitySubsystems
[Subsystems] Discovering subsystems at path C:/Users/HENRY/Desktop/Bro/Assets
GfxDevice: creating device client; threaded=0; jobified=0
Direct3D:
    Version:  Direct3D 11.0 [level 11.1]
    Renderer: NVIDIA GeForce RTX 4070 Ti (ID=0x2782)
    Vendor:   NVIDIA
    VRAM:     11996 MB
    Driver:   32.0.15.6109
Initialize mono
Mono path[0] = 'E:/unity2022/2022.3.35f1/Editor/Data/Managed'
Mono path[1] = 'E:/unity2022/2022.3.35f1/Editor/Data/MonoBleedingEdge/lib/mono/unityjit-win32'
Mono config path = 'E:/unity2022/2022.3.35f1/Editor/Data/MonoBleedingEdge/etc'
Using monoOptions --debugger-agent=transport=dt_socket,embedding=1,server=y,suspend=n,address=127.0.0.1:56904
Begin MonoManager ReloadAssembly
Registering precompiled unity dll's ...
Register platform support module: E:/unity2022/2022.3.35f1/Editor/Data/PlaybackEngines/WindowsStandaloneSupport/UnityEditor.WindowsStandalone.Extensions.dll
Registered in 0.003594 seconds.
- Loaded All Assemblies, in  0.384 seconds
Native extension for WindowsStandalone target not found
Mono: successfully reloaded assembly
- Finished resetting the current domain, in  0.197 seconds
Domain Reload Profiling: 579ms
	BeginReloadAssembly (155ms)
		ExecutionOrderSort (0ms)
		DisableScriptedObjects (0ms)
		BackupInstance (0ms)
		ReleaseScriptingObjects (0ms)
		CreateAndSetChildDomain (1ms)
	RebuildCommonClasses (35ms)
	RebuildNativeTypeToScriptingClass (7ms)
	initialDomainReloadingComplete (42ms)
	LoadAllAssembliesAndSetupDomain (142ms)
		LoadAssemblies (152ms)
		RebuildTransferFunctionScriptingTraits (0ms)
		AnalyzeDomain (140ms)
			TypeCache.Refresh (139ms)
				TypeCache.ScanAssembly (125ms)
			ScanForSourceGeneratedMonoScriptInfo (0ms)
			ResolveRequiredComponents (0ms)
	FinalizeReload (198ms)
		ReleaseScriptCaches (0ms)
		RebuildScriptCaches (0ms)
		SetupLoadedEditorAssemblies (162ms)
			LogAssemblyErrors (0ms)
			InitializePlatformSupportModulesInManaged (6ms)
			SetLoadedEditorAssemblies (5ms)
			RefreshPlugins (0ms)
			BeforeProcessingInitializeOnLoad (1ms)
			ProcessInitializeOnLoadAttributes (113ms)
			ProcessInitializeOnLoadMethodAttributes (37ms)
			AfterProcessingInitializeOnLoad (0ms)
			EditorAssembliesLoaded (0ms)
		ExecutionOrderSort2 (0ms)
		AwakeInstancesAfterBackupRestoration (0ms)
========================================================================
Worker process is ready to serve import requests
Begin MonoManager ReloadAssembly
- Loaded All Assemblies, in  0.669 seconds
Refreshing native plugins compatible for Editor in 4.77 ms, found 4 plugins.
Native extension for WindowsStandalone target not found
Package Manager log level set to [2]
[Package Manager] Server::EnsureServerProcessIsRunning -- launch failed, reason: Unity was launched with the -noUpm command-line argument
[Package Manager] UpmClient::Send -- Unable to send message (not connected to UPM process).
[Package Manager] Cannot connect to Unity Package Manager local server
Mono: successfully reloaded assembly
- Finished resetting the current domain, in  0.608 seconds
Domain Reload Profiling: 1274ms
	BeginReloadAssembly (117ms)
		ExecutionOrderSort (0ms)
		DisableScriptedObjects (4ms)
		BackupInstance (0ms)
		ReleaseScriptingObjects (0ms)
		CreateAndSetChildDomain (12ms)
	RebuildCommonClasses (21ms)
	RebuildNativeTypeToScriptingClass (9ms)
	initialDomainReloadingComplete (30ms)
	LoadAllAssembliesAndSetupDomain (489ms)
		LoadAssemblies (393ms)
		RebuildTransferFunctionScriptingTraits (0ms)
		AnalyzeDomain (167ms)
			TypeCache.Refresh (142ms)
				TypeCache.ScanAssembly (126ms)
			ScanForSourceGeneratedMonoScriptInfo (20ms)
			ResolveRequiredComponents (4ms)
	FinalizeReload (609ms)
		ReleaseScriptCaches (0ms)
		RebuildScriptCaches (0ms)
		SetupLoadedEditorAssemblies (508ms)
			LogAssemblyErrors (0ms)
			InitializePlatformSupportModulesInManaged (4ms)
			SetLoadedEditorAssemblies (3ms)
			RefreshPlugins (0ms)
			BeforeProcessingInitializeOnLoad (72ms)
			ProcessInitializeOnLoadAttributes (396ms)
			ProcessInitializeOnLoadMethodAttributes (28ms)
			AfterProcessingInitializeOnLoad (5ms)
			EditorAssembliesLoaded (0ms)
		ExecutionOrderSort2 (0ms)
		AwakeInstancesAfterBackupRestoration (4ms)
Launched and connected shader compiler UnityShaderCompiler.exe after 0.06 seconds
Refreshing native plugins compatible for Editor in 12.17 ms, found 4 plugins.
Preloading 0 native plugins for Editor in 0.00 ms.
Unloading 4268 Unused Serialized files (Serialized files now loaded: 0)
Unloading 78 unused Assets / (136.9 KB). Loaded Objects now: 4729.
Memory consumption went from 155.7 MB to 155.5 MB.
Total: 2.368100 ms (FindLiveObjects: 0.151200 ms CreateObjectMapping: 0.052800 ms MarkObjects: 2.063000 ms  DeleteObjects: 0.100500 ms)

AssetImportParameters requested are different than current active one (requested -> active):
  custom:container-demuxer-ogg: 62fdf1f143b41e24485cea50d1cbac27 -> 
  custom:scripting/monoscript/fileName/IEnemyMoveable.cs: fa6e5acba90d5b748d99cf7ee9988644 -> 
  custom:scripting/monoscript/fileName/GameManager.cs: 9933fbcc6190e2a9171c2ec8808a053e -> 
  custom:video-codec-MediaFoundation-h265: 746d11721c4dcdbdad8f713fa42b33f4 -> 
  custom:video-decoder-ogg-theora: a1e56fd34408186e4bbccfd4996cb3dc -> 
  custom:framework-win-MediaFoundation: 216162199b28c13a410421893ffa2e32 -> 
  custom:CustomObjectIndexerAttribute: 9a22284fe3817be447336de3de66b15e -> 
  custom:container-demuxer-webm: 4f35f7cbe854078d1ac9338744f61a02 -> 
  custom:scripting/monoscript/fileName/EnemyChaseDirectToPlayer.cs: f156601490c2d01488deb311e62fb7f7 -> 
  custom:container-muxer-webm: aa71ff27fc2769a1b78a27578f13a17b -> 
  custom:video-decoder-webm-vp8: 9c59270c3fd7afecdb556c50c9e8de78 -> 
  custom:SearchIndexIgnoredProperties: e643bd26f0fe6173181afceb89e7c659 -> 
  custom:AudioImporter_EditorPlatform: d09bf68614088b80899f8185d706f6e7 -> 
  custom:scripting/monoscript/fileName/EnemyPursueState.cs: 3a3301ab6cfc8bb729f562561f856f84 -> 
  custom:video-encoder-webm-vp8: eb34c28f22e8b96e1ab97ce403110664 -> 
  custom:scripting/monoscript/fileName/IDamageable.cs: e64f76ace9702e1e0c6016368cb48d14 -> 
  custom:audio-decoder-ogg-vorbis: bf7c407c2cedff20999df2af8eb42d56 -> 
  custom:scripting/monoscript/fileName/TestEnemy.cs: 2663a9cdc692622415c584dd17e700e7 -> 
  custom:audio-encoder-webm-vorbis: bf7c407c2cedff20999df2af8eb42d56 -> 
  custom:scripting/monoscript/fileName/EnemyAttackSingleStraightProjectile.cs: a60b18d0a2a615a41b1c5f822d703c8b -> 
  custom:scripting/monoscript/fileName/CameraTarget.cs: aa4a3792ca3aa7a899c43b4201a6a337 -> 
========================================================================
Received Import Request.
  Time since last request: 55520.875447 seconds.
  path: Assets/Art/2_1.asset
  artifactKey: Guid(33d186f92a93af344a34e965c1d80798) Importer(815301076,1909f56bfc062723c751e8b465ee728b)
Start importing Assets/Art/2_1.asset using Guid(33d186f92a93af344a34e965c1d80798) Importer(815301076,1909f56bfc062723c751e8b465ee728b) [PhysX] Initialized MultithreadedTaskDispatcher with 24 workers.
 -> (artifact id: '2023a227ebfe576d8f76f81368e53df4') in 0.049636 seconds
Number of updated asset objects reloaded before import = 0
Number of asset objects unloaded after import = 3
========================================================================
Received Import Request.
  Time since last request: 0.000020 seconds.
  path: Assets/Art/2_8.asset
  artifactKey: Guid(8b0ee177b8ec7ec478eb973b8ca7fc83) Importer(815301076,1909f56bfc062723c751e8b465ee728b)
Start importing Assets/Art/2_8.asset using Guid(8b0ee177b8ec7ec478eb973b8ca7fc83) Importer(815301076,1909f56bfc062723c751e8b465ee728b) [PhysX] Initialized MultithreadedTaskDispatcher with 24 workers.
 -> (artifact id: 'a6a699c3b336e4414960ebc86b360051') in 0.005398 seconds
Number of updated asset objects reloaded before import = 0
Number of asset objects unloaded after import = 3
========================================================================
Received Import Request.
  Time since last request: 0.022462 seconds.
  path: Assets/Art/2_10.asset
  artifactKey: Guid(6a742e227579d4f4e84802d3808eea58) Importer(815301076,1909f56bfc062723c751e8b465ee728b)
Start importing Assets/Art/2_10.asset using Guid(6a742e227579d4f4e84802d3808eea58) Importer(815301076,1909f56bfc062723c751e8b465ee728b) [PhysX] Initialized MultithreadedTaskDispatcher with 24 workers.
 -> (artifact id: '740330a0fcabab87cded8bb62ac35f50') in 0.004928 seconds
Number of updated asset objects reloaded before import = 0
Number of asset objects unloaded after import = 3
========================================================================
Received Import Request.
  Time since last request: 0.020080 seconds.
  path: Assets/Art/2_6.asset
  artifactKey: Guid(8f33fb8e3314dfe48b81e01908f132cf) Importer(815301076,1909f56bfc062723c751e8b465ee728b)
Start importing Assets/Art/2_6.asset using Guid(8f33fb8e3314dfe48b81e01908f132cf) Importer(815301076,1909f56bfc062723c751e8b465ee728b) [PhysX] Initialized MultithreadedTaskDispatcher with 24 workers.
 -> (artifact id: 'c7f3d418bd82cfe34a75e96c19e542af') in 0.006042 seconds
Number of updated asset objects reloaded before import = 0
Number of asset objects unloaded after import = 3
========================================================================
Received Import Request.
  Time since last request: 0.000011 seconds.
  path: Assets/Art/2_19.asset
  artifactKey: Guid(00e7d0b7466137c42a7ba463a85e5e05) Importer(815301076,1909f56bfc062723c751e8b465ee728b)
Start importing Assets/Art/2_19.asset using Guid(00e7d0b7466137c42a7ba463a85e5e05) Importer(815301076,1909f56bfc062723c751e8b465ee728b) [PhysX] Initialized MultithreadedTaskDispatcher with 24 workers.
 -> (artifact id: '854504490e626771586ab993c15f6d6d') in 0.004983 seconds
Number of updated asset objects reloaded before import = 0
Number of asset objects unloaded after import = 3
========================================================================
Received Import Request.
  Time since last request: 0.000010 seconds.
  path: Assets/Art/2_41.asset
  artifactKey: Guid(45bea8f108c27c54e980bc8d16c194b9) Importer(815301076,1909f56bfc062723c751e8b465ee728b)
Start importing Assets/Art/2_41.asset using Guid(45bea8f108c27c54e980bc8d16c194b9) Importer(815301076,1909f56bfc062723c751e8b465ee728b) [PhysX] Initialized MultithreadedTaskDispatcher with 24 workers.
 -> (artifact id: 'faf747a67ae2046f417ab6ec38e73958') in 0.004826 seconds
Number of updated asset objects reloaded before import = 0
Number of asset objects unloaded after import = 3
========================================================================
Received Import Request.
  Time since last request: 0.000010 seconds.
  path: Assets/Art/2_45.asset
  artifactKey: Guid(615ce70ca3ebe754ca7e64043a15bc81) Importer(815301076,1909f56bfc062723c751e8b465ee728b)
Start importing Assets/Art/2_45.asset using Guid(615ce70ca3ebe754ca7e64043a15bc81) Importer(815301076,1909f56bfc062723c751e8b465ee728b) [PhysX] Initialized MultithreadedTaskDispatcher with 24 workers.
 -> (artifact id: '2fa33270baf672678e5651833daa8495') in 0.003914 seconds
Number of updated asset objects reloaded before import = 0
Number of asset objects unloaded after import = 3
========================================================================
Received Import Request.
  Time since last request: 0.000009 seconds.
  path: Assets/Art/2_56.asset
  artifactKey: Guid(94c3f223e8eb2b346b0d26ada2bac135) Importer(815301076,1909f56bfc062723c751e8b465ee728b)
Start importing Assets/Art/2_56.asset using Guid(94c3f223e8eb2b346b0d26ada2bac135) Importer(815301076,1909f56bfc062723c751e8b465ee728b) [PhysX] Initialized MultithreadedTaskDispatcher with 24 workers.
 -> (artifact id: '6e58caf3999d65379803557014701f21') in 0.003419 seconds
Number of updated asset objects reloaded before import = 0
Number of asset objects unloaded after import = 3
========================================================================
Received Import Request.
  Time since last request: 0.000010 seconds.
  path: Assets/Art/2_46.asset
  artifactKey: Guid(dcc48f9e01516a0448cdbbc1e801c823) Importer(815301076,1909f56bfc062723c751e8b465ee728b)
Start importing Assets/Art/2_46.asset using Guid(dcc48f9e01516a0448cdbbc1e801c823) Importer(815301076,1909f56bfc062723c751e8b465ee728b) [PhysX] Initialized MultithreadedTaskDispatcher with 24 workers.
 -> (artifact id: '0216c7d0beaf329c9f36e08935979199') in 0.003838 seconds
Number of updated asset objects reloaded before import = 0
Number of asset objects unloaded after import = 3
========================================================================
Received Import Request.
  Time since last request: 0.000015 seconds.
  path: Assets/Art/2_31.asset
  artifactKey: Guid(fce2db1d4c3381c48ab0bac711e71c39) Importer(815301076,1909f56bfc062723c751e8b465ee728b)
Start importing Assets/Art/2_31.asset using Guid(fce2db1d4c3381c48ab0bac711e71c39) Importer(815301076,1909f56bfc062723c751e8b465ee728b) [PhysX] Initialized MultithreadedTaskDispatcher with 24 workers.
 -> (artifact id: 'cee487579da85c386a1ac742224f124b') in 0.004739 seconds
Number of updated asset objects reloaded before import = 0
Number of asset objects unloaded after import = 3
========================================================================
Received Import Request.
  Time since last request: 0.000010 seconds.
  path: Assets/Art/2_52.asset
  artifactKey: Guid(3239b2d041b5e1542abbc1b2d623c494) Importer(815301076,1909f56bfc062723c751e8b465ee728b)
Start importing Assets/Art/2_52.asset using Guid(3239b2d041b5e1542abbc1b2d623c494) Importer(815301076,1909f56bfc062723c751e8b465ee728b) [PhysX] Initialized MultithreadedTaskDispatcher with 24 workers.
 -> (artifact id: 'e21990735998b5a03b249647bcbae0c1') in 0.003854 seconds
Number of updated asset objects reloaded before import = 0
Number of asset objects unloaded after import = 3
========================================================================
Received Import Request.
  Time since last request: 0.000012 seconds.
  path: Assets/Art/2_51.asset
  artifactKey: Guid(d446dfbab5e5fcb42bb37fa4a9f8ac83) Importer(815301076,1909f56bfc062723c751e8b465ee728b)
Start importing Assets/Art/2_51.asset using Guid(d446dfbab5e5fcb42bb37fa4a9f8ac83) Importer(815301076,1909f56bfc062723c751e8b465ee728b) [PhysX] Initialized MultithreadedTaskDispatcher with 24 workers.
 -> (artifact id: 'cb53ba8b8712d4bf8a9bd13be79ca46c') in 0.004309 seconds
Number of updated asset objects reloaded before import = 0
Number of asset objects unloaded after import = 3
========================================================================
Received Import Request.
  Time since last request: 0.000016 seconds.
  path: Assets/Art/2_40.asset
  artifactKey: Guid(cd6d254edc84c7548985bbc6c07d9e37) Importer(815301076,1909f56bfc062723c751e8b465ee728b)
Start importing Assets/Art/2_40.asset using Guid(cd6d254edc84c7548985bbc6c07d9e37) Importer(815301076,1909f56bfc062723c751e8b465ee728b) [PhysX] Initialized MultithreadedTaskDispatcher with 24 workers.
 -> (artifact id: '8c04db80a2cdecdc13484fc873eb5134') in 0.004222 seconds
Number of updated asset objects reloaded before import = 0
Number of asset objects unloaded after import = 3
========================================================================
Received Import Request.
  Time since last request: 0.000017 seconds.
  path: Assets/Art/2_49.asset
  artifactKey: Guid(1d13515f55e757a42b37b9de24edcd45) Importer(815301076,1909f56bfc062723c751e8b465ee728b)
Start importing Assets/Art/2_49.asset using Guid(1d13515f55e757a42b37b9de24edcd45) Importer(815301076,1909f56bfc062723c751e8b465ee728b) [PhysX] Initialized MultithreadedTaskDispatcher with 24 workers.
 -> (artifact id: '765beea85743ce60204e2ea7f1781637') in 0.003626 seconds
Number of updated asset objects reloaded before import = 0
Number of asset objects unloaded after import = 3
========================================================================
Received Import Request.
  Time since last request: 0.000011 seconds.
  path: Assets/Art/2_27.asset
  artifactKey: Guid(6b4968a8f2d8f9c48b242972da5ede14) Importer(815301076,1909f56bfc062723c751e8b465ee728b)
Start importing Assets/Art/2_27.asset using Guid(6b4968a8f2d8f9c48b242972da5ede14) Importer(815301076,1909f56bfc062723c751e8b465ee728b) [PhysX] Initialized MultithreadedTaskDispatcher with 24 workers.
 -> (artifact id: 'b9db110a17ae8690785756dc3c20d7d4') in 0.003295 seconds
Number of updated asset objects reloaded before import = 0
Number of asset objects unloaded after import = 3
========================================================================
Received Import Request.
  Time since last request: 0.000011 seconds.
  path: Assets/Art/2_42.asset
  artifactKey: Guid(9193e4e6c8884f146a6426cfc1964370) Importer(815301076,1909f56bfc062723c751e8b465ee728b)
Start importing Assets/Art/2_42.asset using Guid(9193e4e6c8884f146a6426cfc1964370) Importer(815301076,1909f56bfc062723c751e8b465ee728b) [PhysX] Initialized MultithreadedTaskDispatcher with 24 workers.
 -> (artifact id: '6a1c2c9c5051272ea6022becc46ddda4') in 0.003956 seconds
Number of updated asset objects reloaded before import = 0
Number of asset objects unloaded after import = 3
========================================================================
Received Import Request.
  Time since last request: 0.000012 seconds.
  path: Assets/Art/2_20.asset
  artifactKey: Guid(5ca96a9871eb88c45830449edb2b27b5) Importer(815301076,1909f56bfc062723c751e8b465ee728b)
Start importing Assets/Art/2_20.asset using Guid(5ca96a9871eb88c45830449edb2b27b5) Importer(815301076,1909f56bfc062723c751e8b465ee728b) [PhysX] Initialized MultithreadedTaskDispatcher with 24 workers.
 -> (artifact id: '7f615185f8aef5e1043da60a1981d22d') in 0.004097 seconds
Number of updated asset objects reloaded before import = 0
Number of asset objects unloaded after import = 3
========================================================================
Received Import Request.
  Time since last request: 0.000012 seconds.
  path: Assets/Art/2_37.asset
  artifactKey: Guid(f5aee2ce2509d3943a4b70a207f47eeb) Importer(815301076,1909f56bfc062723c751e8b465ee728b)
Start importing Assets/Art/2_37.asset using Guid(f5aee2ce2509d3943a4b70a207f47eeb) Importer(815301076,1909f56bfc062723c751e8b465ee728b) [PhysX] Initialized MultithreadedTaskDispatcher with 24 workers.
 -> (artifact id: '00518f73c19991143010691e1f0982c0') in 0.004290 seconds
Number of updated asset objects reloaded before import = 0
Number of asset objects unloaded after import = 3
========================================================================
Received Import Request.
  Time since last request: 0.000010 seconds.
  path: Assets/Art/2_7.asset
  artifactKey: Guid(19f07a5a07ec3d943a190f0f5c3efb1d) Importer(815301076,1909f56bfc062723c751e8b465ee728b)
Start importing Assets/Art/2_7.asset using Guid(19f07a5a07ec3d943a190f0f5c3efb1d) Importer(815301076,1909f56bfc062723c751e8b465ee728b) [PhysX] Initialized MultithreadedTaskDispatcher with 24 workers.
 -> (artifact id: 'fd3bed68c078357c8bc7a9691c75703d') in 0.004471 seconds
Number of updated asset objects reloaded before import = 0
Number of asset objects unloaded after import = 3
========================================================================
Received Import Request.
  Time since last request: 0.000011 seconds.
  path: Assets/Art/2_38.asset
  artifactKey: Guid(ad182e4a5f9fda14598d2756a5a7afc4) Importer(815301076,1909f56bfc062723c751e8b465ee728b)
Start importing Assets/Art/2_38.asset using Guid(ad182e4a5f9fda14598d2756a5a7afc4) Importer(815301076,1909f56bfc062723c751e8b465ee728b) [PhysX] Initialized MultithreadedTaskDispatcher with 24 workers.
 -> (artifact id: '667b2a1768e43377a8dff85fb29e1c08') in 0.003558 seconds
Number of updated asset objects reloaded before import = 0
Number of asset objects unloaded after import = 3
========================================================================
Received Import Request.
  Time since last request: 0.000010 seconds.
  path: Assets/Art/2_43.asset
  artifactKey: Guid(35fb8ee2c21273c4988232b2384ed6f4) Importer(815301076,1909f56bfc062723c751e8b465ee728b)
Start importing Assets/Art/2_43.asset using Guid(35fb8ee2c21273c4988232b2384ed6f4) Importer(815301076,1909f56bfc062723c751e8b465ee728b) [PhysX] Initialized MultithreadedTaskDispatcher with 24 workers.
 -> (artifact id: '635c72f3d65b46c3999e337b939e93de') in 0.003217 seconds
Number of updated asset objects reloaded before import = 0
Number of asset objects unloaded after import = 3
========================================================================
Received Import Request.
  Time since last request: 0.000016 seconds.
  path: Assets/Art/2_53.asset
  artifactKey: Guid(10cf3efc422960a459549453b0e4a99f) Importer(815301076,1909f56bfc062723c751e8b465ee728b)
Start importing Assets/Art/2_53.asset using Guid(10cf3efc422960a459549453b0e4a99f) Importer(815301076,1909f56bfc062723c751e8b465ee728b) [PhysX] Initialized MultithreadedTaskDispatcher with 24 workers.
 -> (artifact id: '7314a62c2f05f1fe3a1e9d6dd6977b2a') in 0.003372 seconds
Number of updated asset objects reloaded before import = 0
Number of asset objects unloaded after import = 3
========================================================================
Received Import Request.
  Time since last request: 0.000010 seconds.
  path: Assets/Art/2_16.asset
  artifactKey: Guid(43ebccd55cd650446b76ef6eedb5b6a5) Importer(815301076,1909f56bfc062723c751e8b465ee728b)
Start importing Assets/Art/2_16.asset using Guid(43ebccd55cd650446b76ef6eedb5b6a5) Importer(815301076,1909f56bfc062723c751e8b465ee728b) [PhysX] Initialized MultithreadedTaskDispatcher with 24 workers.
 -> (artifact id: '6629dc19eaff9ca3bceea86baf389c1f') in 0.003998 seconds
Number of updated asset objects reloaded before import = 0
Number of asset objects unloaded after import = 3
========================================================================
Received Import Request.
  Time since last request: 0.000010 seconds.
  path: Assets/Art/2_55.asset
  artifactKey: Guid(6ac3d4abc8542f84ea369350d47f4310) Importer(815301076,1909f56bfc062723c751e8b465ee728b)
Start importing Assets/Art/2_55.asset using Guid(6ac3d4abc8542f84ea369350d47f4310) Importer(815301076,1909f56bfc062723c751e8b465ee728b) [PhysX] Initialized MultithreadedTaskDispatcher with 24 workers.
 -> (artifact id: '5d32c796a14ef66c98c44e471b536058') in 0.005237 seconds
Number of updated asset objects reloaded before import = 0
Number of asset objects unloaded after import = 3
========================================================================
Received Import Request.
  Time since last request: 0.000012 seconds.
  path: Assets/Art/2_32.asset
  artifactKey: Guid(29bd20b16b0af5b449e9648f2fd69db2) Importer(815301076,1909f56bfc062723c751e8b465ee728b)
Start importing Assets/Art/2_32.asset using Guid(29bd20b16b0af5b449e9648f2fd69db2) Importer(815301076,1909f56bfc062723c751e8b465ee728b) [PhysX] Initialized MultithreadedTaskDispatcher with 24 workers.
 -> (artifact id: '154e7d79d660f47b2e31f6eae9ec9e90') in 0.004606 seconds
Number of updated asset objects reloaded before import = 0
Number of asset objects unloaded after import = 3
========================================================================
Received Import Request.
  Time since last request: 0.000010 seconds.
  path: Assets/Art/2_33.asset
  artifactKey: Guid(cad75747c04bba947853f9753aee50fa) Importer(815301076,1909f56bfc062723c751e8b465ee728b)
Start importing Assets/Art/2_33.asset using Guid(cad75747c04bba947853f9753aee50fa) Importer(815301076,1909f56bfc062723c751e8b465ee728b) [PhysX] Initialized MultithreadedTaskDispatcher with 24 workers.
 -> (artifact id: '3d559d841267cbb8a5768504278c648e') in 0.005125 seconds
Number of updated asset objects reloaded before import = 0
Number of asset objects unloaded after import = 3
========================================================================
Received Import Request.
  Time since last request: 0.000012 seconds.
  path: Assets/Art/2_50.asset
  artifactKey: Guid(24cbd591a60d8b74aa7b5d7844690964) Importer(815301076,1909f56bfc062723c751e8b465ee728b)
Start importing Assets/Art/2_50.asset using Guid(24cbd591a60d8b74aa7b5d7844690964) Importer(815301076,1909f56bfc062723c751e8b465ee728b) [PhysX] Initialized MultithreadedTaskDispatcher with 24 workers.
 -> (artifact id: '2ccff1b71a9b0d36fe27bc38f2552d1b') in 0.004994 seconds
Number of updated asset objects reloaded before import = 0
Number of asset objects unloaded after import = 3
========================================================================
Received Import Request.
  Time since last request: 0.000010 seconds.
  path: Assets/Art/2_13.asset
  artifactKey: Guid(28c26a84466e0a640ad219a2043202cc) Importer(815301076,1909f56bfc062723c751e8b465ee728b)
Start importing Assets/Art/2_13.asset using Guid(28c26a84466e0a640ad219a2043202cc) Importer(815301076,1909f56bfc062723c751e8b465ee728b) [PhysX] Initialized MultithreadedTaskDispatcher with 24 workers.
 -> (artifact id: 'ac22683127c31605ef3ef4fab29c6998') in 0.005414 seconds
Number of updated asset objects reloaded before import = 0
Number of asset objects unloaded after import = 3
Editor requested this worker to shutdown with reason: Scaling down because of idle timeout
TcpMessagingSession - receive error: operation aborted. errorcode: 995, details: 由于线程退出或应用程序请求，已中止 I/O 操作。
AssetImportWorker is now disconnected from the server
Process exiting
Exiting without the bug reporter. Application will terminate with return code 0